c:\users\sporf\source\repos\raytracer\raytracer\x64\debug\vc142.pdb
c:\users\sporf\source\repos\raytracer\raytracer\x64\debug\vc142.idb
c:\users\sporf\source\repos\raytracer\raytracer\x64\debug\vector3f.obj
c:\users\sporf\source\repos\raytracer\raytracer\x64\debug\taskexecutor.obj
c:\users\sporf\source\repos\raytracer\raytracer\x64\debug\ray.obj
c:\users\sporf\source\repos\raytracer\raytracer\x64\debug\iworldobject.obj
c:\users\sporf\source\repos\raytracer\raytracer\x64\debug\sphere.obj
c:\users\sporf\source\repos\raytracer\raytracer\x64\debug\raytracerapp.obj
c:\users\sporf\source\repos\raytracer\raytracer\x64\debug\raytracer.obj
c:\users\sporf\source\repos\raytracer\raytracer\x64\debug\iobjectmanager.obj
c:\users\sporf\source\repos\raytracer\raytracer\x64\debug\icamera.obj
c:\users\sporf\source\repos\raytracer\raytracer\x64\debug\graphicswrapper.obj
c:\users\sporf\source\repos\raytracer\raytracer\x64\debug\basicobjectmanager.obj
c:\users\sporf\source\repos\raytracer\raytracer\x64\debug\basiccamera.obj
c:\users\sporf\source\repos\raytracer\x64\debug\raytracer.exe
c:\users\sporf\source\repos\raytracer\raytracer\x64\debug\raytracer.ilk
c:\users\sporf\source\repos\raytracer\x64\debug\raytracer.pdb
c:\users\sporf\source\repos\raytracer\raytracer\x64\debug\raytracer.tlog\cl.command.1.tlog
c:\users\sporf\source\repos\raytracer\raytracer\x64\debug\raytracer.tlog\cl.read.1.tlog
c:\users\sporf\source\repos\raytracer\raytracer\x64\debug\raytracer.tlog\cl.write.1.tlog
c:\users\sporf\source\repos\raytracer\raytracer\x64\debug\raytracer.tlog\link.command.1.tlog
c:\users\sporf\source\repos\raytracer\raytracer\x64\debug\raytracer.tlog\link.read.1.tlog
c:\users\sporf\source\repos\raytracer\raytracer\x64\debug\raytracer.tlog\link.write.1.tlog
